<?xml version="1.0" encoding="UTF-8"?>
<!-- Generated by org.testng.reporters.JUnitReportReporter -->
<testsuite skipped="0" hostname="Namita-PC" name="com.qa.TestCases.HomeSearchPageTest" tests="1" failures="0" timestamp="2021-03-10T15:12:17 IST" time="13.972" errors="0">
  <testcase name="verifyTitleOfHomeSearchPage" time="13.972" classname="com.qa.TestCases.HomeSearchPageTest"/>
  <system-out/>
</testsuite> <!-- com.qa.TestCases.HomeSearchPageTest -->
