<?xml version="1.0" encoding="UTF-8"?>
<!-- Generated by org.testng.reporters.JUnitReportReporter -->
<testsuite skipped="0" hostname="Namita-PC" name="com.qa.TestCases.HomeSearchPageTest" tests="1" failures="0" timestamp="2021-03-11T17:23:01 IST" time="24.434" errors="0">
  <testcase name="verifyTitleOfHomeSearchPage" time="24.434" classname="com.qa.TestCases.HomeSearchPageTest"/>
  <system-out/>
</testsuite> <!-- com.qa.TestCases.HomeSearchPageTest -->
